<?xml version="1.0" encoding="UTF-8"?>
<!-- Generated by org.testng.reporters.JUnitXMLReporter -->
<testsuite hostname="DESKTOP-QMBPULJ" ignored="0" name="Test(failed)(failed)(failed)(failed)(failed)" tests="1" failures="1" timestamp="15 七月 2017 03:08:24 GMT" time="0.022" errors="0">
  <testcase name="testWO" time="0.006" classname="TestNGClasses.TestCase3">
    <failure type="java.lang.AssertionError" message="expected [true] but found [false]">
      <![CDATA[java.lang.AssertionError: expected [true] but found [false]
	at TestNGClasses.TestCase3.testWO(TestCase3.java:9)
	at Runner.TestRunner.main(TestRunner.java:16)
... Removed 26 stack frames]]>
    </failure>
  </testcase> <!-- testWO -->
</testsuite> <!-- Test(failed)(failed)(failed)(failed)(failed) -->
